22:59:31.433 INFO  s.meta.metals.Main$ - Starting server in /Users/Alex/SCALA/Exercises
22:59:31.447 INFO  s.meta.metals.Main$ - Classpath: /Users/Alex/.atom/packages/ide-scala/coursier
22:59:33.770 INFO  s.m.m.Formatter$ - Classloading scalafmt with 28 downloaded jars
22:59:34.333 INFO  s.meta.metals.Main$ - Listening....
22:59:34.410 INFO  s.m.m.MetalsServices - Initialized with /Users/Alex/SCALA/Exercises, InitializeParams(1108,/Users/Alex/SCALA/Exercises/,ClientCapabilities())
22:59:34.440 INFO  s.m.m.MetalsServices - File /Users/Alex/SCALA/Exercises/project/target/active.json changed
22:59:34.553 INFO  s.m.m.MetalsServices - Client is initialized
22:59:34.574 INFO  s.m.m.MetalsServices - Configuration updated Configuration(Sbt(Enabled(true),),Scalac(Enabled(false),Enabled(false)),Scalafmt(true,false,1.4.0,Some(.scalafmt.conf)),Scalafix(true,Some(.scalafix.conf)),Search(true,true),Enabled(true),Enabled(false),Enabled(false))
23:00:18.264 INFO  s.m.m.s.InMemorySymbolIndex - resolveName at Uri(file:///Users/Alex/SCALA/Exercises/exercises01.scala):14:37
23:00:46.558 INFO  s.m.m.s.InMemorySymbolIndex - resolveName at Uri(file:///Users/Alex/SCALA/Exercises/exercises01.scala):3:14
23:00:46.814 INFO  s.m.m.s.InMemorySymbolIndex - resolveName at Uri(file:///Users/Alex/SCALA/Exercises/exercises01.scala):3:14
23:00:50.421 INFO  s.m.m.s.InMemorySymbolIndex - resolveName at Uri(file:///Users/Alex/SCALA/Exercises/exercises01.scala):3:4
23:00:50.758 INFO  s.m.m.s.InMemorySymbolIndex - resolveName at Uri(file:///Users/Alex/SCALA/Exercises/exercises01.scala):3:5
23:01:11.124 INFO  s.m.m.s.InMemorySymbolIndex - resolveName at Uri(file:///Users/Alex/SCALA/Exercises/exercises01.scala):7:27
23:01:30.262 INFO  s.m.m.s.InMemorySymbolIndex - resolveName at Uri(file:///Users/Alex/SCALA/Exercises/exercises01.scala):12:21
23:01:31.494 INFO  s.m.m.s.InMemorySymbolIndex - resolveName at Uri(file:///Users/Alex/SCALA/Exercises/exercises01.scala):14:24
23:01:33.153 INFO  s.m.m.s.InMemorySymbolIndex - resolveName at Uri(file:///Users/Alex/SCALA/Exercises/exercises01.scala):14:24
23:01:35.808 INFO  s.m.m.s.InMemorySymbolIndex - resolveName at Uri(file:///Users/Alex/SCALA/Exercises/exercises01.scala):12:4
23:01:36.164 INFO  s.m.m.s.InMemorySymbolIndex - resolveName at Uri(file:///Users/Alex/SCALA/Exercises/exercises01.scala):12:6
23:01:45.378 INFO  s.m.m.s.InMemorySymbolIndex - resolveName at Uri(file:///Users/Alex/SCALA/Exercises/exercises01.scala):15:20
23:01:45.429 INFO  s.m.m.s.InMemorySymbolIndex - resolveName at Uri(file:///Users/Alex/SCALA/Exercises/exercises01.scala):15:22
23:01:45.447 INFO  s.m.m.s.InMemorySymbolIndex - resolveName at Uri(file:///Users/Alex/SCALA/Exercises/exercises01.scala):15:24
23:01:48.015 INFO  s.m.m.s.InMemorySymbolIndex - resolveName at Uri(file:///Users/Alex/SCALA/Exercises/exercises01.scala):15:4
23:01:48.335 INFO  s.m.m.s.InMemorySymbolIndex - resolveName at Uri(file:///Users/Alex/SCALA/Exercises/exercises01.scala):15:5
23:01:57.789 INFO  s.m.m.s.InMemorySymbolIndex - resolveName at Uri(file:///Users/Alex/SCALA/Exercises/exercises01.scala):19:24
23:02:02.961 INFO  s.m.m.s.InMemorySymbolIndex - resolveName at Uri(file:///Users/Alex/SCALA/Exercises/exercises01.scala):18:16
23:02:18.283 INFO  s.m.m.s.InMemorySymbolIndex - resolveName at Uri(file:///Users/Alex/SCALA/Exercises/exercises01.scala):19:14
23:02:19.034 INFO  s.m.m.s.InMemorySymbolIndex - resolveName at Uri(file:///Users/Alex/SCALA/Exercises/exercises01.scala):19:13
23:02:21.173 INFO  s.m.m.s.InMemorySymbolIndex - resolveName at Uri(file:///Users/Alex/SCALA/Exercises/exercises01.scala):15:0
23:02:21.746 INFO  s.m.m.s.InMemorySymbolIndex - resolveName at Uri(file:///Users/Alex/SCALA/Exercises/exercises01.scala):15:2
23:02:26.946 INFO  s.m.m.s.InMemorySymbolIndex - resolveName at Uri(file:///Users/Alex/SCALA/Exercises/exercises01.scala):15:34
23:02:40.923 INFO  s.m.m.s.InMemorySymbolIndex - resolveName at Uri(file:///Users/Alex/SCALA/Exercises/exercises01.scala):19:23
23:02:44.339 INFO  s.m.m.s.InMemorySymbolIndex - resolveName at Uri(file:///Users/Alex/SCALA/Exercises/exercises01.scala):21:2
23:02:53.258 INFO  s.m.m.s.InMemorySymbolIndex - resolveName at Uri(file:///Users/Alex/SCALA/Exercises/exercises01.scala):3:5
23:02:56.004 INFO  s.m.m.s.InMemorySymbolIndex - resolveName at Uri(file:///Users/Alex/SCALA/Exercises/exercises01.scala):4:16
23:02:56.086 INFO  s.m.m.s.InMemorySymbolIndex - resolveName at Uri(file:///Users/Alex/SCALA/Exercises/exercises01.scala):7:21
23:02:56.124 INFO  s.m.m.s.InMemorySymbolIndex - resolveName at Uri(file:///Users/Alex/SCALA/Exercises/exercises01.scala):10:23
23:02:58.143 INFO  s.m.m.s.InMemorySymbolIndex - resolveName at Uri(file:///Users/Alex/SCALA/Exercises/exercises01.scala):26:14
23:03:05.788 INFO  s.m.m.s.InMemorySymbolIndex - resolveName at Uri(file:///Users/Alex/SCALA/Exercises/exercises01.scala):27:0
23:03:07.235 INFO  s.m.m.s.InMemorySymbolIndex - resolveName at Uri(file:///Users/Alex/SCALA/Exercises/exercises01.scala):25:2
23:03:10.542 INFO  s.m.m.s.InMemorySymbolIndex - resolveName at Uri(file:///Users/Alex/SCALA/Exercises/exercises01.scala):37:28
23:03:14.556 INFO  s.m.m.s.InMemorySymbolIndex - resolveName at Uri(file:///Users/Alex/SCALA/Exercises/exercises01.scala):26:2
23:03:28.594 INFO  s.m.m.s.InMemorySymbolIndex - resolveName at Uri(file:///Users/Alex/SCALA/Exercises/exercises01.scala):53:45
23:03:34.970 INFO  s.m.m.s.InMemorySymbolIndex - resolveName at Uri(file:///Users/Alex/SCALA/Exercises/exercises01.scala):55:45
23:03:35.332 INFO  s.m.m.s.InMemorySymbolIndex - resolveName at Uri(file:///Users/Alex/SCALA/Exercises/exercises01.scala):56:43
23:03:35.348 INFO  s.m.m.s.InMemorySymbolIndex - resolveName at Uri(file:///Users/Alex/SCALA/Exercises/exercises01.scala):56:40
23:03:35.365 INFO  s.m.m.s.InMemorySymbolIndex - resolveName at Uri(file:///Users/Alex/SCALA/Exercises/exercises01.scala):57:36
23:03:35.400 INFO  s.m.m.s.InMemorySymbolIndex - resolveName at Uri(file:///Users/Alex/SCALA/Exercises/exercises01.scala):59:26
23:03:36.794 INFO  s.m.m.s.InMemorySymbolIndex - resolveName at Uri(file:///Users/Alex/SCALA/Exercises/exercises01.scala):63:7
23:03:47.805 INFO  s.m.m.s.InMemorySymbolIndex - resolveName at Uri(file:///Users/Alex/SCALA/Exercises/exercises01.scala):82:2
23:03:47.965 INFO  s.m.m.s.InMemorySymbolIndex - resolveName at Uri(file:///Users/Alex/SCALA/Exercises/exercises01.scala):82:4
23:03:48.153 INFO  s.m.m.s.InMemorySymbolIndex - resolveName at Uri(file:///Users/Alex/SCALA/Exercises/exercises01.scala):83:9
23:03:48.222 INFO  s.m.m.s.InMemorySymbolIndex - resolveName at Uri(file:///Users/Alex/SCALA/Exercises/exercises01.scala):84:12
23:03:48.527 INFO  s.m.m.s.InMemorySymbolIndex - resolveName at Uri(file:///Users/Alex/SCALA/Exercises/exercises01.scala):84:16
23:03:49.090 INFO  s.m.m.s.InMemorySymbolIndex - resolveName at Uri(file:///Users/Alex/SCALA/Exercises/exercises01.scala):82:14
23:03:53.234 INFO  s.m.m.s.InMemorySymbolIndex - resolveName at Uri(file:///Users/Alex/SCALA/Exercises/exercises01.scala):85:34
23:03:58.044 INFO  s.m.m.s.InMemorySymbolIndex - resolveName at Uri(file:///Users/Alex/SCALA/Exercises/exercises01.scala):6:19
23:03:58.377 INFO  s.m.m.s.InMemorySymbolIndex - resolveName at Uri(file:///Users/Alex/SCALA/Exercises/exercises01.scala):7:20
23:03:58.511 INFO  s.m.m.s.InMemorySymbolIndex - resolveName at Uri(file:///Users/Alex/SCALA/Exercises/exercises01.scala):10:25
23:03:58.627 INFO  s.m.m.s.InMemorySymbolIndex - resolveName at Uri(file:///Users/Alex/SCALA/Exercises/exercises01.scala):13:25
23:03:58.659 INFO  s.m.m.s.InMemorySymbolIndex - resolveName at Uri(file:///Users/Alex/SCALA/Exercises/exercises01.scala):15:25
23:03:58.676 INFO  s.m.m.s.InMemorySymbolIndex - resolveName at Uri(file:///Users/Alex/SCALA/Exercises/exercises01.scala):15:24
23:03:58.694 INFO  s.m.m.s.InMemorySymbolIndex - resolveName at Uri(file:///Users/Alex/SCALA/Exercises/exercises01.scala):16:24
23:04:04.200 INFO  s.m.m.s.InMemorySymbolIndex - resolveName at Uri(file:///Users/Alex/SCALA/Exercises/exercises01.scala):35:6
23:04:04.297 INFO  s.m.m.s.InMemorySymbolIndex - resolveName at Uri(file:///Users/Alex/SCALA/Exercises/exercises01.scala):35:8
23:04:04.612 INFO  s.m.m.s.InMemorySymbolIndex - resolveName at Uri(file:///Users/Alex/SCALA/Exercises/exercises01.scala):35:11
23:04:04.697 INFO  s.m.m.s.InMemorySymbolIndex - resolveName at Uri(file:///Users/Alex/SCALA/Exercises/exercises01.scala):34:28
23:04:06.816 INFO  s.m.m.s.InMemorySymbolIndex - resolveName at Uri(file:///Users/Alex/SCALA/Exercises/exercises01.scala):9:6
23:04:09.116 INFO  s.m.m.s.InMemorySymbolIndex - resolveName at Uri(file:///Users/Alex/SCALA/Exercises/exercises01.scala):10:19
23:04:09.182 INFO  s.m.m.s.InMemorySymbolIndex - resolveName at Uri(file:///Users/Alex/SCALA/Exercises/exercises01.scala):10:21
23:04:09.266 INFO  s.m.m.s.InMemorySymbolIndex - resolveName at Uri(file:///Users/Alex/SCALA/Exercises/exercises01.scala):13:25
23:04:09.332 INFO  s.m.m.s.InMemorySymbolIndex - resolveName at Uri(file:///Users/Alex/SCALA/Exercises/exercises01.scala):15:28
23:04:11.226 INFO  s.m.m.s.InMemorySymbolIndex - resolveName at Uri(file:///Users/Alex/SCALA/Exercises/exercises01.scala):43:4
23:04:12.774 INFO  s.m.m.s.InMemorySymbolIndex - resolveName at Uri(file:///Users/Alex/SCALA/Exercises/exercises01.scala):36:31
23:04:16.503 INFO  s.m.m.s.InMemorySymbolIndex - resolveName at Uri(file:///Users/Alex/SCALA/Exercises/exercises01.scala):28:28
23:04:18.104 INFO  s.m.m.s.InMemorySymbolIndex - resolveName at Uri(file:///Users/Alex/SCALA/Exercises/exercises01.scala):12:6
23:04:23.161 INFO  s.m.m.s.InMemorySymbolIndex - resolveName at Uri(file:///Users/Alex/SCALA/Exercises/exercises01.scala):43:4
23:04:23.876 INFO  s.m.m.s.InMemorySymbolIndex - resolveName at Uri(file:///Users/Alex/SCALA/Exercises/exercises01.scala):43:14
23:04:24.342 INFO  s.m.m.s.InMemorySymbolIndex - resolveName at Uri(file:///Users/Alex/SCALA/Exercises/exercises01.scala):45:20
23:04:24.413 INFO  s.m.m.s.InMemorySymbolIndex - resolveName at Uri(file:///Users/Alex/SCALA/Exercises/exercises01.scala):45:20
23:04:24.415 INFO  s.m.m.s.InMemorySymbolIndex - resolveName at Uri(file:///Users/Alex/SCALA/Exercises/exercises01.scala):45:20
23:04:24.606 INFO  s.m.m.s.InMemorySymbolIndex - resolveName at Uri(file:///Users/Alex/SCALA/Exercises/exercises01.scala):44:22
23:04:24.735 INFO  s.m.m.s.InMemorySymbolIndex - resolveName at Uri(file:///Users/Alex/SCALA/Exercises/exercises01.scala):42:28
23:04:27.665 INFO  s.m.m.s.InMemorySymbolIndex - resolveName at Uri(file:///Users/Alex/SCALA/Exercises/exercises01.scala):15:6
23:04:29.441 INFO  s.m.m.s.InMemorySymbolIndex - resolveName at Uri(file:///Users/Alex/SCALA/Exercises/exercises01.scala):15:33
23:04:34.382 INFO  s.m.m.s.InMemorySymbolIndex - resolveName at Uri(file:///Users/Alex/SCALA/Exercises/exercises01.scala):54:11
23:04:36.858 INFO  s.m.m.s.InMemorySymbolIndex - resolveName at Uri(file:///Users/Alex/SCALA/Exercises/exercises01.scala):26:22
23:04:39.516 INFO  s.m.m.s.InMemorySymbolIndex - resolveName at Uri(file:///Users/Alex/SCALA/Exercises/exercises01.scala):19:22
23:04:43.487 INFO  s.m.m.s.InMemorySymbolIndex - resolveName at Uri(file:///Users/Alex/SCALA/Exercises/exercises01.scala):67:8
23:04:46.526 INFO  s.m.m.s.InMemorySymbolIndex - resolveName at Uri(file:///Users/Alex/SCALA/Exercises/exercises01.scala):59:12
23:04:53.711 INFO  s.m.m.s.InMemorySymbolIndex - resolveName at Uri(file:///Users/Alex/SCALA/Exercises/exercises01.scala):19:12
23:04:55.705 INFO  s.m.m.s.InMemorySymbolIndex - resolveName at Uri(file:///Users/Alex/SCALA/Exercises/exercises01.scala):9:6
23:04:55.879 INFO  s.m.m.s.InMemorySymbolIndex - resolveName at Uri(file:///Users/Alex/SCALA/Exercises/exercises01.scala):9:7
23:04:56.025 INFO  s.m.m.s.InMemorySymbolIndex - resolveName at Uri(file:///Users/Alex/SCALA/Exercises/exercises01.scala):10:8
23:04:56.223 INFO  s.m.m.s.InMemorySymbolIndex - resolveName at Uri(file:///Users/Alex/SCALA/Exercises/exercises01.scala):12:14
23:04:56.257 INFO  s.m.m.s.InMemorySymbolIndex - resolveName at Uri(file:///Users/Alex/SCALA/Exercises/exercises01.scala):13:16
23:05:00.599 INFO  s.m.m.s.InMemorySymbolIndex - resolveName at Uri(file:///Users/Alex/SCALA/Exercises/exercises01.scala):59:22
23:05:03.744 INFO  s.m.m.s.InMemorySymbolIndex - resolveName at Uri(file:///Users/Alex/SCALA/Exercises/exercises01.scala):43:4
23:05:03.952 INFO  s.m.m.s.InMemorySymbolIndex - resolveName at Uri(file:///Users/Alex/SCALA/Exercises/exercises01.scala):44:8
23:05:04.064 INFO  s.m.m.s.InMemorySymbolIndex - resolveName at Uri(file:///Users/Alex/SCALA/Exercises/exercises01.scala):45:11
23:05:04.143 INFO  s.m.m.s.InMemorySymbolIndex - resolveName at Uri(file:///Users/Alex/SCALA/Exercises/exercises01.scala):45:13
23:05:04.160 INFO  s.m.m.s.InMemorySymbolIndex - resolveName at Uri(file:///Users/Alex/SCALA/Exercises/exercises01.scala):46:13
23:05:04.226 INFO  s.m.m.s.InMemorySymbolIndex - resolveName at Uri(file:///Users/Alex/SCALA/Exercises/exercises01.scala):47:16
23:05:04.277 INFO  s.m.m.s.InMemorySymbolIndex - resolveName at Uri(file:///Users/Alex/SCALA/Exercises/exercises01.scala):47:17
23:05:04.360 INFO  s.m.m.s.InMemorySymbolIndex - resolveName at Uri(file:///Users/Alex/SCALA/Exercises/exercises01.scala):48:17
23:05:04.645 INFO  s.m.m.s.InMemorySymbolIndex - resolveName at Uri(file:///Users/Alex/SCALA/Exercises/exercises01.scala):48:17
23:05:04.647 INFO  s.m.m.s.InMemorySymbolIndex - resolveName at Uri(file:///Users/Alex/SCALA/Exercises/exercises01.scala):48:17
23:05:05.670 INFO  s.m.m.s.InMemorySymbolIndex - resolveName at Uri(file:///Users/Alex/SCALA/Exercises/exercises01.scala):48:17
23:05:09.830 INFO  s.m.m.s.InMemorySymbolIndex - resolveName at Uri(file:///Users/Alex/SCALA/Exercises/exercises01.scala):13:26
23:05:11.085 INFO  s.m.m.s.InMemorySymbolIndex - resolveName at Uri(file:///Users/Alex/SCALA/Exercises/exercises01.scala):64:24
23:05:11.997 INFO  s.m.m.s.InMemorySymbolIndex - resolveName at Uri(file:///Users/Alex/SCALA/Exercises/exercises01.scala):47:24
23:05:21.472 INFO  s.m.m.s.InMemorySymbolIndex - resolveName at Uri(file:///Users/Alex/SCALA/Exercises/exercises01.scala):53:24
23:05:26.448 INFO  s.m.m.s.InMemorySymbolIndex - resolveName at Uri(file:///Users/Alex/SCALA/Exercises/exercises01.scala):54:4
23:05:26.733 INFO  s.m.m.s.InMemorySymbolIndex - resolveName at Uri(file:///Users/Alex/SCALA/Exercises/exercises01.scala):54:6
23:05:31.269 INFO  s.m.m.s.InMemorySymbolIndex - resolveName at Uri(file:///Users/Alex/SCALA/Exercises/exercises01.scala):15:45
23:05:32.119 INFO  s.m.m.s.InMemorySymbolIndex - resolveName at Uri(file:///Users/Alex/SCALA/Exercises/exercises01.scala):15:33
23:05:32.617 INFO  s.m.m.s.InMemorySymbolIndex - resolveName at Uri(file:///Users/Alex/SCALA/Exercises/exercises01.scala):15:34
23:05:35.658 INFO  s.m.m.s.InMemorySymbolIndex - resolveName at Uri(file:///Users/Alex/SCALA/Exercises/exercises01.scala):65:4
23:05:36.937 INFO  s.m.m.s.InMemorySymbolIndex - resolveName at Uri(file:///Users/Alex/SCALA/Exercises/exercises01.scala):66:17
23:05:37.967 INFO  s.m.m.s.InMemorySymbolIndex - resolveName at Uri(file:///Users/Alex/SCALA/Exercises/exercises01.scala):57:42
23:05:41.474 INFO  s.m.m.s.InMemorySymbolIndex - resolveName at Uri(file:///Users/Alex/SCALA/Exercises/exercises01.scala):19:24
23:05:44.579 INFO  s.m.m.s.InMemorySymbolIndex - resolveName at Uri(file:///Users/Alex/SCALA/Exercises/exercises01.scala):65:31
23:05:45.192 INFO  s.m.m.s.InMemorySymbolIndex - resolveName at Uri(file:///Users/Alex/SCALA/Exercises/exercises01.scala):67:37
23:05:51.244 INFO  s.m.m.s.InMemorySymbolIndex - resolveName at Uri(file:///Users/Alex/SCALA/Exercises/exercises01.scala):72:4
23:05:51.877 INFO  s.m.m.s.InMemorySymbolIndex - resolveName at Uri(file:///Users/Alex/SCALA/Exercises/exercises01.scala):72:11
23:05:52.768 INFO  s.m.m.s.InMemorySymbolIndex - resolveName at Uri(file:///Users/Alex/SCALA/Exercises/exercises01.scala):64:43
23:05:57.582 INFO  s.m.m.s.InMemorySymbolIndex - resolveName at Uri(file:///Users/Alex/SCALA/Exercises/exercises01.scala):42:43
23:06:18.736 INFO  s.m.m.s.InMemorySymbolIndex - resolveName at Uri(file:///Users/Alex/SCALA/Exercises/exercises01.scala):15:33
23:06:18.907 INFO  s.m.m.s.InMemorySymbolIndex - resolveName at Uri(file:///Users/Alex/SCALA/Exercises/exercises01.scala):15:33
23:06:19.019 INFO  s.m.m.s.InMemorySymbolIndex - resolveName at Uri(file:///Users/Alex/SCALA/Exercises/exercises01.scala):15:34
23:06:24.125 INFO  s.m.m.s.InMemorySymbolIndex - resolveName at Uri(file:///Users/Alex/SCALA/Exercises/exercises01.scala):65:8
23:06:25.094 INFO  s.m.m.s.InMemorySymbolIndex - resolveName at Uri(file:///Users/Alex/SCALA/Exercises/exercises01.scala):65:4
23:06:25.297 INFO  s.m.m.s.InMemorySymbolIndex - resolveName at Uri(file:///Users/Alex/SCALA/Exercises/exercises01.scala):65:4
23:06:25.393 INFO  s.m.m.s.InMemorySymbolIndex - resolveName at Uri(file:///Users/Alex/SCALA/Exercises/exercises01.scala):65:6
23:06:25.443 INFO  s.m.m.s.InMemorySymbolIndex - resolveName at Uri(file:///Users/Alex/SCALA/Exercises/exercises01.scala):65:8
23:06:25.759 INFO  s.m.m.s.InMemorySymbolIndex - resolveName at Uri(file:///Users/Alex/SCALA/Exercises/exercises01.scala):65:18
23:06:31.947 INFO  s.m.m.s.InMemorySymbolIndex - resolveName at Uri(file:///Users/Alex/SCALA/Exercises/exercises01.scala):21:6
23:06:32.122 INFO  s.m.m.s.InMemorySymbolIndex - resolveName at Uri(file:///Users/Alex/SCALA/Exercises/exercises01.scala):21:8
23:06:32.431 INFO  s.m.m.s.InMemorySymbolIndex - resolveName at Uri(file:///Users/Alex/SCALA/Exercises/exercises01.scala):21:10
23:06:35.610 INFO  s.m.m.s.InMemorySymbolIndex - resolveName at Uri(file:///Users/Alex/SCALA/Exercises/exercises01.scala):83:9
23:06:35.865 INFO  s.m.m.s.InMemorySymbolIndex - resolveName at Uri(file:///Users/Alex/SCALA/Exercises/exercises01.scala):83:11
23:08:54.032 INFO  s.m.m.s.InMemorySymbolIndex - resolveName at Uri(file:///Users/Alex/SCALA/Exercises/exercises01.scala):19:25
